
=== Deploying to 'dach-ai-mvps'...

i  deploying functions, hosting
i  functions: preparing codebase default for deployment
i  functions: ensuring required API cloudfunctions.googleapis.com is enabled...
i  functions: ensuring required API cloudbuild.googleapis.com is enabled...
i  artifactregistry: ensuring required API artifactregistry.googleapis.com is enabled...
⚠  functions: Runtime Node.js 20 will be deprecated on 2026-04-30 and will be decommissioned on 2026-10-30, after which you will not be able to deploy without upgrading. Consider upgrading now to avoid disruption. See https://cloud.google.com/functions/docs/runtime-support for full details on the lifecycle policy
⚠  functions: package.json indicates an outdated version of firebase-functions. Please upgrade using npm install --save firebase-functions@latest in your functions directory.
⚠  functions: Please note that there will be breaking changes when you upgrade.
i  functions: Loading and analyzing source code for codebase default to determine what to deploy
i  functions: You are using a version of firebase-functions SDK (4.9.0) that does not have support for the newest Firebase Extensions features. Please update firebase-functions SDK to >=5.1.0 to use them correctly
Serving at port 8820

i  functions: preparing functions directory for uploading...
i  functions: packaged /Users/christian.schilling/gdpr-assistant-cursor/functions (289.99 MB) for uploading
i  functions: ensuring required API run.googleapis.com is enabled...
i  functions: ensuring required API eventarc.googleapis.com is enabled...
i  functions: ensuring required API pubsub.googleapis.com is enabled...
i  functions: ensuring required API storage.googleapis.com is enabled...
✔  functions: required API pubsub.googleapis.com is enabled
✔  functions: required API storage.googleapis.com is enabled
✔  functions: required API eventarc.googleapis.com is enabled
✔  functions: required API run.googleapis.com is enabled
i  functions: generating the service identity for pubsub.googleapis.com...
i  functions: generating the service identity for eventarc.googleapis.com...

Error: Missing required permission on project dach-ai-mvps to deploy new HTTPS functions. The permission cloudfunctions.functions.setIamPolicy is required to deploy the following functions:

- nextjsFunc

To address this error, please ask a project Owner to assign your account the "Cloud Functions Admin" role at the following URL:

https://console.cloud.google.com/iam-admin/iam?project=dach-ai-mvps
